[32m2025-07-28 12:33:41 +1000[0m - dagster - [34mDEBUG[0m - materialize_dbt_models - d3300c35-9195-44a2-93e0-7ea6a05461d7 - 11170 - LOGS_CAPTURED - Started capturing logs in process (pid: 11170).
[32m2025-07-28 12:33:41 +1000[0m - dagster - [34mDEBUG[0m - materialize_dbt_models - d3300c35-9195-44a2-93e0-7ea6a05461d7 - 11170 - ecom_dbt_dbt_assets - STEP_START - Started execution of step "ecom_dbt_dbt_assets".
[32m2025-07-28 12:33:41 +1000[0m - dagster - [34mINFO[0m - materialize_dbt_models - d3300c35-9195-44a2-93e0-7ea6a05461d7 - ecom_dbt_dbt_assets - A dbt subsetted execution is not being performed. Using the default dbt selection arguments `['--select', 'fqn:*']`.
[32m2025-07-28 12:33:41 +1000[0m - dagster - [34mINFO[0m - materialize_dbt_models - d3300c35-9195-44a2-93e0-7ea6a05461d7 - ecom_dbt_dbt_assets - Copying `/Users/jennydo/Library/CloudStorage/OneDrive-UniversityofWollongong/JRM project/ecom-dbt/ecom_dbt/target/partial_parse.msgpack` to `/Users/jennydo/Library/CloudStorage/OneDrive-UniversityofWollongong/JRM project/ecom-dbt/ecom_dbt/target/ecom_dbt_dbt_assets-d3300c3-1e52c43/partial_parse.msgpack` to take advantage of partial parsing.
[32m2025-07-28 12:33:42 +1000[0m - dagster - [34mINFO[0m - materialize_dbt_models - d3300c35-9195-44a2-93e0-7ea6a05461d7 - ecom_dbt_dbt_assets - Running dbt command: `dbt build --select fqn:*`.
[32m2025-07-28 12:33:46 +1000[0m - dagster - [34mDEBUG[0m - materialize_dbt_models - d3300c35-9195-44a2-93e0-7ea6a05461d7 - 11170 - ecom_dbt_dbt_assets - STEP_OUTPUT - Yielded output "stg_customers" of type "Nothing". (Type check passed).
[32m2025-07-28 12:33:46 +1000[0m - dagster - [34mDEBUG[0m - materialize_dbt_models - d3300c35-9195-44a2-93e0-7ea6a05461d7 - 11170 - ecom_dbt_dbt_assets - ASSET_MATERIALIZATION - Materialized value stg_customers.
[32m2025-07-28 12:33:46 +1000[0m - dagster - [34mDEBUG[0m - materialize_dbt_models - d3300c35-9195-44a2-93e0-7ea6a05461d7 - 11170 - ecom_dbt_dbt_assets - STEP_OUTPUT - Yielded output "stg_sellers" of type "Nothing". (Type check passed).
[32m2025-07-28 12:33:46 +1000[0m - dagster - [34mDEBUG[0m - materialize_dbt_models - d3300c35-9195-44a2-93e0-7ea6a05461d7 - 11170 - ecom_dbt_dbt_assets - ASSET_MATERIALIZATION - Materialized value stg_sellers.
[32m2025-07-28 12:33:46 +1000[0m - dagster - [34mDEBUG[0m - materialize_dbt_models - d3300c35-9195-44a2-93e0-7ea6a05461d7 - 11170 - ecom_dbt_dbt_assets - STEP_OUTPUT - Yielded output "stg_product_category" of type "Nothing". (Type check passed).
[32m2025-07-28 12:33:46 +1000[0m - dagster - [34mDEBUG[0m - materialize_dbt_models - d3300c35-9195-44a2-93e0-7ea6a05461d7 - 11170 - ecom_dbt_dbt_assets - ASSET_MATERIALIZATION - Materialized value stg_product_category.
[32m2025-07-28 12:33:46 +1000[0m - dagster - [34mDEBUG[0m - materialize_dbt_models - d3300c35-9195-44a2-93e0-7ea6a05461d7 - 11170 - ecom_dbt_dbt_assets - STEP_OUTPUT - Yielded output "stg_order_payments" of type "Nothing". (Type check passed).
[32m2025-07-28 12:33:46 +1000[0m - dagster - [34mDEBUG[0m - materialize_dbt_models - d3300c35-9195-44a2-93e0-7ea6a05461d7 - 11170 - ecom_dbt_dbt_assets - ASSET_MATERIALIZATION - Materialized value stg_order_payments.
[32m2025-07-28 12:33:46 +1000[0m - dagster - [34mDEBUG[0m - materialize_dbt_models - d3300c35-9195-44a2-93e0-7ea6a05461d7 - 11170 - ecom_dbt_dbt_assets - STEP_OUTPUT - Yielded output "stg_products" of type "Nothing". (Type check passed).
[32m2025-07-28 12:33:46 +1000[0m - dagster - [34mDEBUG[0m - materialize_dbt_models - d3300c35-9195-44a2-93e0-7ea6a05461d7 - 11170 - ecom_dbt_dbt_assets - ASSET_MATERIALIZATION - Materialized value stg_products.
[32m2025-07-28 12:33:46 +1000[0m - dagster - [34mDEBUG[0m - materialize_dbt_models - d3300c35-9195-44a2-93e0-7ea6a05461d7 - 11170 - ecom_dbt_dbt_assets - STEP_OUTPUT - Yielded output "stg_order_items" of type "Nothing". (Type check passed).
[32m2025-07-28 12:33:46 +1000[0m - dagster - [34mDEBUG[0m - materialize_dbt_models - d3300c35-9195-44a2-93e0-7ea6a05461d7 - 11170 - ecom_dbt_dbt_assets - ASSET_MATERIALIZATION - Materialized value stg_order_items.
[32m2025-07-28 12:33:46 +1000[0m - dagster - [34mDEBUG[0m - materialize_dbt_models - d3300c35-9195-44a2-93e0-7ea6a05461d7 - 11170 - ecom_dbt_dbt_assets - STEP_OUTPUT - Yielded output "stg_order_reviews" of type "Nothing". (Type check passed).
[32m2025-07-28 12:33:46 +1000[0m - dagster - [34mDEBUG[0m - materialize_dbt_models - d3300c35-9195-44a2-93e0-7ea6a05461d7 - 11170 - ecom_dbt_dbt_assets - ASSET_MATERIALIZATION - Materialized value stg_order_reviews.
[32m2025-07-28 12:33:46 +1000[0m - dagster - [34mDEBUG[0m - materialize_dbt_models - d3300c35-9195-44a2-93e0-7ea6a05461d7 - 11170 - ecom_dbt_dbt_assets - STEP_OUTPUT - Yielded output "stg_orders" of type "Nothing". (Type check passed).
[32m2025-07-28 12:33:46 +1000[0m - dagster - [34mDEBUG[0m - materialize_dbt_models - d3300c35-9195-44a2-93e0-7ea6a05461d7 - 11170 - ecom_dbt_dbt_assets - ASSET_MATERIALIZATION - Materialized value stg_orders.
[32m2025-07-28 12:33:46 +1000[0m - dagster - [34mDEBUG[0m - materialize_dbt_models - d3300c35-9195-44a2-93e0-7ea6a05461d7 - 11170 - ecom_dbt_dbt_assets - STEP_OUTPUT - Yielded output "dim_payment_type" of type "Nothing". (Type check passed).
[32m2025-07-28 12:33:47 +1000[0m - dagster - [34mDEBUG[0m - materialize_dbt_models - d3300c35-9195-44a2-93e0-7ea6a05461d7 - 11170 - ecom_dbt_dbt_assets - ASSET_MATERIALIZATION - Materialized value dim_payment_type.
[32m2025-07-28 12:33:47 +1000[0m - dagster - [34mDEBUG[0m - materialize_dbt_models - d3300c35-9195-44a2-93e0-7ea6a05461d7 - 11170 - ecom_dbt_dbt_assets - STEP_OUTPUT - Yielded output "dim_payment_type_not_null_dim_payment_type_payment_type_pk" of type "Any". (Type check passed).
[32m2025-07-28 12:33:47 +1000[0m - dagster - [34mDEBUG[0m - materialize_dbt_models - d3300c35-9195-44a2-93e0-7ea6a05461d7 - 11170 - ecom_dbt_dbt_assets - ASSET_CHECK_EVALUATION - Asset check 'not_null_dim_payment_type_payment_type_pk' on 'dim_payment_type' passed.
[32m2025-07-28 12:33:47 +1000[0m - dagster - [34mDEBUG[0m - materialize_dbt_models - d3300c35-9195-44a2-93e0-7ea6a05461d7 - 11170 - ecom_dbt_dbt_assets - STEP_OUTPUT - Yielded output "dim_payment_type_unique_dim_payment_type_payment_type_pk" of type "Any". (Type check passed).
[32m2025-07-28 12:33:47 +1000[0m - dagster - [34mDEBUG[0m - materialize_dbt_models - d3300c35-9195-44a2-93e0-7ea6a05461d7 - 11170 - ecom_dbt_dbt_assets - ASSET_CHECK_EVALUATION - Asset check 'unique_dim_payment_type_payment_type_pk' on 'dim_payment_type' passed.
[32m2025-07-28 12:33:47 +1000[0m - dagster - [34mDEBUG[0m - materialize_dbt_models - d3300c35-9195-44a2-93e0-7ea6a05461d7 - 11170 - ecom_dbt_dbt_assets - STEP_OUTPUT - Yielded output "dim_payment_type_unique_dim_payment_type_payment_type" of type "Any". (Type check passed).
[32m2025-07-28 12:33:47 +1000[0m - dagster - [34mDEBUG[0m - materialize_dbt_models - d3300c35-9195-44a2-93e0-7ea6a05461d7 - 11170 - ecom_dbt_dbt_assets - ASSET_CHECK_EVALUATION - Asset check 'unique_dim_payment_type_payment_type' on 'dim_payment_type' passed.
[32m2025-07-28 12:33:47 +1000[0m - dagster - [34mDEBUG[0m - materialize_dbt_models - d3300c35-9195-44a2-93e0-7ea6a05461d7 - 11170 - ecom_dbt_dbt_assets - STEP_OUTPUT - Yielded output "dim_payment_type_not_null_dim_payment_type_payment_type" of type "Any". (Type check passed).
[32m2025-07-28 12:33:47 +1000[0m - dagster - [34mDEBUG[0m - materialize_dbt_models - d3300c35-9195-44a2-93e0-7ea6a05461d7 - 11170 - ecom_dbt_dbt_assets - ASSET_CHECK_EVALUATION - Asset check 'not_null_dim_payment_type_payment_type' on 'dim_payment_type' passed.
[32m2025-07-28 12:33:47 +1000[0m - dagster - [34mDEBUG[0m - materialize_dbt_models - d3300c35-9195-44a2-93e0-7ea6a05461d7 - 11170 - ecom_dbt_dbt_assets - STEP_OUTPUT - Yielded output "dim_order_status" of type "Nothing". (Type check passed).
[32m2025-07-28 12:33:47 +1000[0m - dagster - [34mDEBUG[0m - materialize_dbt_models - d3300c35-9195-44a2-93e0-7ea6a05461d7 - 11170 - ecom_dbt_dbt_assets - ASSET_MATERIALIZATION - Materialized value dim_order_status.
[32m2025-07-28 12:33:47 +1000[0m - dagster - [34mDEBUG[0m - materialize_dbt_models - d3300c35-9195-44a2-93e0-7ea6a05461d7 - 11170 - ecom_dbt_dbt_assets - STEP_OUTPUT - Yielded output "dim_order_status_not_null_dim_order_status_order_status" of type "Any". (Type check passed).
[32m2025-07-28 12:33:47 +1000[0m - dagster - [34mDEBUG[0m - materialize_dbt_models - d3300c35-9195-44a2-93e0-7ea6a05461d7 - 11170 - ecom_dbt_dbt_assets - ASSET_CHECK_EVALUATION - Asset check 'not_null_dim_order_status_order_status' on 'dim_order_status' passed.
[32m2025-07-28 12:33:47 +1000[0m - dagster - [34mDEBUG[0m - materialize_dbt_models - d3300c35-9195-44a2-93e0-7ea6a05461d7 - 11170 - ecom_dbt_dbt_assets - STEP_OUTPUT - Yielded output "dim_order_status_unique_dim_order_status_order_status" of type "Any". (Type check passed).
[32m2025-07-28 12:33:47 +1000[0m - dagster - [34mDEBUG[0m - materialize_dbt_models - d3300c35-9195-44a2-93e0-7ea6a05461d7 - 11170 - ecom_dbt_dbt_assets - ASSET_CHECK_EVALUATION - Asset check 'unique_dim_order_status_order_status' on 'dim_order_status' passed.
[32m2025-07-28 12:33:47 +1000[0m - dagster - [34mDEBUG[0m - materialize_dbt_models - d3300c35-9195-44a2-93e0-7ea6a05461d7 - 11170 - ecom_dbt_dbt_assets - STEP_OUTPUT - Yielded output "dim_order_status_not_null_dim_order_status_order_status_pk" of type "Any". (Type check passed).
[32m2025-07-28 12:33:47 +1000[0m - dagster - [34mDEBUG[0m - materialize_dbt_models - d3300c35-9195-44a2-93e0-7ea6a05461d7 - 11170 - ecom_dbt_dbt_assets - ASSET_CHECK_EVALUATION - Asset check 'not_null_dim_order_status_order_status_pk' on 'dim_order_status' passed.
[32m2025-07-28 12:33:47 +1000[0m - dagster - [34mDEBUG[0m - materialize_dbt_models - d3300c35-9195-44a2-93e0-7ea6a05461d7 - 11170 - ecom_dbt_dbt_assets - STEP_OUTPUT - Yielded output "dim_order_status_unique_dim_order_status_order_status_pk" of type "Any". (Type check passed).
[32m2025-07-28 12:33:47 +1000[0m - dagster - [34mDEBUG[0m - materialize_dbt_models - d3300c35-9195-44a2-93e0-7ea6a05461d7 - 11170 - ecom_dbt_dbt_assets - ASSET_CHECK_EVALUATION - Asset check 'unique_dim_order_status_order_status_pk' on 'dim_order_status' passed.
[32m2025-07-28 12:33:47 +1000[0m - dagster - [34mDEBUG[0m - materialize_dbt_models - d3300c35-9195-44a2-93e0-7ea6a05461d7 - 11170 - ecom_dbt_dbt_assets - STEP_OUTPUT - Yielded output "dim_date" of type "Nothing". (Type check passed).
[32m2025-07-28 12:33:47 +1000[0m - dagster - [34mDEBUG[0m - materialize_dbt_models - d3300c35-9195-44a2-93e0-7ea6a05461d7 - 11170 - ecom_dbt_dbt_assets - ASSET_MATERIALIZATION - Materialized value dim_date.
[32m2025-07-28 12:33:47 +1000[0m - dagster - [34mDEBUG[0m - materialize_dbt_models - d3300c35-9195-44a2-93e0-7ea6a05461d7 - 11170 - ecom_dbt_dbt_assets - STEP_OUTPUT - Yielded output "dim_date_dbt_expectations_expect_column_values_to_be_between_dim_date_year__2030__2016" of type "Any". (Type check passed).
[32m2025-07-28 12:33:47 +1000[0m - dagster - [34mDEBUG[0m - materialize_dbt_models - d3300c35-9195-44a2-93e0-7ea6a05461d7 - 11170 - ecom_dbt_dbt_assets - ASSET_CHECK_EVALUATION - Asset check 'dbt_expectations_expect_column_values_to_be_between_dim_date_year__2030__2016' on 'dim_date' passed.
[32m2025-07-28 12:33:47 +1000[0m - dagster - [34mDEBUG[0m - materialize_dbt_models - d3300c35-9195-44a2-93e0-7ea6a05461d7 - 11170 - ecom_dbt_dbt_assets - STEP_OUTPUT - Yielded output "dim_date_dbt_expectations_expect_column_values_to_be_between_dim_date_week__53__1" of type "Any". (Type check passed).
[32m2025-07-28 12:33:47 +1000[0m - dagster - [34mDEBUG[0m - materialize_dbt_models - d3300c35-9195-44a2-93e0-7ea6a05461d7 - 11170 - ecom_dbt_dbt_assets - ASSET_CHECK_EVALUATION - Asset check 'dbt_expectations_expect_column_values_to_be_between_dim_date_week__53__1' on 'dim_date' passed.
[32m2025-07-28 12:33:47 +1000[0m - dagster - [34mDEBUG[0m - materialize_dbt_models - d3300c35-9195-44a2-93e0-7ea6a05461d7 - 11170 - ecom_dbt_dbt_assets - STEP_OUTPUT - Yielded output "dim_date_not_null_dim_date_date_pk" of type "Any". (Type check passed).
[32m2025-07-28 12:33:47 +1000[0m - dagster - [34mDEBUG[0m - materialize_dbt_models - d3300c35-9195-44a2-93e0-7ea6a05461d7 - 11170 - ecom_dbt_dbt_assets - ASSET_CHECK_EVALUATION - Asset check 'not_null_dim_date_date_pk' on 'dim_date' passed.
[32m2025-07-28 12:33:47 +1000[0m - dagster - [34mDEBUG[0m - materialize_dbt_models - d3300c35-9195-44a2-93e0-7ea6a05461d7 - 11170 - ecom_dbt_dbt_assets - STEP_OUTPUT - Yielded output "dim_date_dbt_expectations_expect_column_values_to_be_between_dim_date_month__12__1" of type "Any". (Type check passed).
[32m2025-07-28 12:33:47 +1000[0m - dagster - [34mDEBUG[0m - materialize_dbt_models - d3300c35-9195-44a2-93e0-7ea6a05461d7 - 11170 - ecom_dbt_dbt_assets - ASSET_CHECK_EVALUATION - Asset check 'dbt_expectations_expect_column_values_to_be_between_dim_date_month__12__1' on 'dim_date' passed.
[32m2025-07-28 12:33:47 +1000[0m - dagster - [34mDEBUG[0m - materialize_dbt_models - d3300c35-9195-44a2-93e0-7ea6a05461d7 - 11170 - ecom_dbt_dbt_assets - STEP_OUTPUT - Yielded output "dim_date_dbt_expectations_expect_column_values_to_be_between_dim_date_day__31__1" of type "Any". (Type check passed).
[32m2025-07-28 12:33:47 +1000[0m - dagster - [34mDEBUG[0m - materialize_dbt_models - d3300c35-9195-44a2-93e0-7ea6a05461d7 - 11170 - ecom_dbt_dbt_assets - ASSET_CHECK_EVALUATION - Asset check 'dbt_expectations_expect_column_values_to_be_between_dim_date_day__31__1' on 'dim_date' passed.
[32m2025-07-28 12:33:47 +1000[0m - dagster - [34mDEBUG[0m - materialize_dbt_models - d3300c35-9195-44a2-93e0-7ea6a05461d7 - 11170 - ecom_dbt_dbt_assets - STEP_OUTPUT - Yielded output "dim_date_not_null_dim_date_date_key" of type "Any". (Type check passed).
[32m2025-07-28 12:33:47 +1000[0m - dagster - [34mDEBUG[0m - materialize_dbt_models - d3300c35-9195-44a2-93e0-7ea6a05461d7 - 11170 - ecom_dbt_dbt_assets - ASSET_CHECK_EVALUATION - Asset check 'not_null_dim_date_date_key' on 'dim_date' passed.
[32m2025-07-28 12:33:47 +1000[0m - dagster - [34mDEBUG[0m - materialize_dbt_models - d3300c35-9195-44a2-93e0-7ea6a05461d7 - 11170 - ecom_dbt_dbt_assets - STEP_OUTPUT - Yielded output "dim_time" of type "Nothing". (Type check passed).
[32m2025-07-28 12:33:47 +1000[0m - dagster - [34mDEBUG[0m - materialize_dbt_models - d3300c35-9195-44a2-93e0-7ea6a05461d7 - 11170 - ecom_dbt_dbt_assets - ASSET_MATERIALIZATION - Materialized value dim_time.
[32m2025-07-28 12:33:47 +1000[0m - dagster - [34mDEBUG[0m - materialize_dbt_models - d3300c35-9195-44a2-93e0-7ea6a05461d7 - 11170 - ecom_dbt_dbt_assets - STEP_OUTPUT - Yielded output "dim_date_unique_dim_date_date_key" of type "Any". (Type check passed).
[32m2025-07-28 12:33:47 +1000[0m - dagster - [34mDEBUG[0m - materialize_dbt_models - d3300c35-9195-44a2-93e0-7ea6a05461d7 - 11170 - ecom_dbt_dbt_assets - ASSET_CHECK_EVALUATION - Asset check 'unique_dim_date_date_key' on 'dim_date' passed.
[32m2025-07-28 12:33:47 +1000[0m - dagster - [34mDEBUG[0m - materialize_dbt_models - d3300c35-9195-44a2-93e0-7ea6a05461d7 - 11170 - ecom_dbt_dbt_assets - STEP_OUTPUT - Yielded output "dim_date_unique_dim_date_date_pk" of type "Any". (Type check passed).
[32m2025-07-28 12:33:47 +1000[0m - dagster - [34mDEBUG[0m - materialize_dbt_models - d3300c35-9195-44a2-93e0-7ea6a05461d7 - 11170 - ecom_dbt_dbt_assets - ASSET_CHECK_EVALUATION - Asset check 'unique_dim_date_date_pk' on 'dim_date' passed.
[32m2025-07-28 12:33:48 +1000[0m - dagster - [34mDEBUG[0m - materialize_dbt_models - d3300c35-9195-44a2-93e0-7ea6a05461d7 - 11170 - ecom_dbt_dbt_assets - STEP_OUTPUT - Yielded output "products_snapshot" of type "Nothing". (Type check passed).
[32m2025-07-28 12:33:48 +1000[0m - dagster - [34mDEBUG[0m - materialize_dbt_models - d3300c35-9195-44a2-93e0-7ea6a05461d7 - 11170 - ecom_dbt_dbt_assets - ASSET_MATERIALIZATION - Materialized value products_snapshot.
[32m2025-07-28 12:33:48 +1000[0m - dagster - [34mDEBUG[0m - materialize_dbt_models - d3300c35-9195-44a2-93e0-7ea6a05461d7 - 11170 - ecom_dbt_dbt_assets - STEP_OUTPUT - Yielded output "sellers_snapshot" of type "Nothing". (Type check passed).
[32m2025-07-28 12:33:48 +1000[0m - dagster - [34mDEBUG[0m - materialize_dbt_models - d3300c35-9195-44a2-93e0-7ea6a05461d7 - 11170 - ecom_dbt_dbt_assets - ASSET_MATERIALIZATION - Materialized value sellers_snapshot.
[32m2025-07-28 12:33:48 +1000[0m - dagster - [34mDEBUG[0m - materialize_dbt_models - d3300c35-9195-44a2-93e0-7ea6a05461d7 - 11170 - ecom_dbt_dbt_assets - STEP_OUTPUT - Yielded output "customers_snapshot" of type "Nothing". (Type check passed).
[32m2025-07-28 12:33:48 +1000[0m - dagster - [34mDEBUG[0m - materialize_dbt_models - d3300c35-9195-44a2-93e0-7ea6a05461d7 - 11170 - ecom_dbt_dbt_assets - ASSET_MATERIALIZATION - Materialized value customers_snapshot.
[32m2025-07-28 12:33:49 +1000[0m - dagster - [34mDEBUG[0m - materialize_dbt_models - d3300c35-9195-44a2-93e0-7ea6a05461d7 - 11170 - ecom_dbt_dbt_assets - STEP_OUTPUT - Yielded output "dim_seller" of type "Nothing". (Type check passed).
[32m2025-07-28 12:33:49 +1000[0m - dagster - [34mDEBUG[0m - materialize_dbt_models - d3300c35-9195-44a2-93e0-7ea6a05461d7 - 11170 - ecom_dbt_dbt_assets - ASSET_MATERIALIZATION - Materialized value dim_seller.
[32m2025-07-28 12:33:49 +1000[0m - dagster - [34mDEBUG[0m - materialize_dbt_models - d3300c35-9195-44a2-93e0-7ea6a05461d7 - 11170 - ecom_dbt_dbt_assets - STEP_OUTPUT - Yielded output "dim_product" of type "Nothing". (Type check passed).
[32m2025-07-28 12:33:49 +1000[0m - dagster - [34mDEBUG[0m - materialize_dbt_models - d3300c35-9195-44a2-93e0-7ea6a05461d7 - 11170 - ecom_dbt_dbt_assets - ASSET_MATERIALIZATION - Materialized value dim_product.
[32m2025-07-28 12:33:49 +1000[0m - dagster - [34mDEBUG[0m - materialize_dbt_models - d3300c35-9195-44a2-93e0-7ea6a05461d7 - 11170 - ecom_dbt_dbt_assets - STEP_OUTPUT - Yielded output "dim_seller_not_null_dim_seller_seller_pk" of type "Any". (Type check passed).
[32m2025-07-28 12:33:49 +1000[0m - dagster - [34mDEBUG[0m - materialize_dbt_models - d3300c35-9195-44a2-93e0-7ea6a05461d7 - 11170 - ecom_dbt_dbt_assets - ASSET_CHECK_EVALUATION - Asset check 'not_null_dim_seller_seller_pk' on 'dim_seller' passed.
[32m2025-07-28 12:33:49 +1000[0m - dagster - [34mDEBUG[0m - materialize_dbt_models - d3300c35-9195-44a2-93e0-7ea6a05461d7 - 11170 - ecom_dbt_dbt_assets - STEP_OUTPUT - Yielded output "dim_seller_unique_dim_seller_seller_pk" of type "Any". (Type check passed).
[32m2025-07-28 12:33:49 +1000[0m - dagster - [34mDEBUG[0m - materialize_dbt_models - d3300c35-9195-44a2-93e0-7ea6a05461d7 - 11170 - ecom_dbt_dbt_assets - ASSET_CHECK_EVALUATION - Asset check 'unique_dim_seller_seller_pk' on 'dim_seller' passed.
[32m2025-07-28 12:33:49 +1000[0m - dagster - [34mDEBUG[0m - materialize_dbt_models - d3300c35-9195-44a2-93e0-7ea6a05461d7 - 11170 - ecom_dbt_dbt_assets - STEP_OUTPUT - Yielded output "dim_seller_not_null_dim_seller_seller_id" of type "Any". (Type check passed).
[32m2025-07-28 12:33:49 +1000[0m - dagster - [34mDEBUG[0m - materialize_dbt_models - d3300c35-9195-44a2-93e0-7ea6a05461d7 - 11170 - ecom_dbt_dbt_assets - ASSET_CHECK_EVALUATION - Asset check 'not_null_dim_seller_seller_id' on 'dim_seller' passed.
[32m2025-07-28 12:33:49 +1000[0m - dagster - [34mDEBUG[0m - materialize_dbt_models - d3300c35-9195-44a2-93e0-7ea6a05461d7 - 11170 - ecom_dbt_dbt_assets - STEP_OUTPUT - Yielded output "dim_product_dbt_expectations_expect_column_values_to_be_between_dim_product_product_description_length__5000__0" of type "Any". (Type check passed).
[32m2025-07-28 12:33:49 +1000[0m - dagster - [34mDEBUG[0m - materialize_dbt_models - d3300c35-9195-44a2-93e0-7ea6a05461d7 - 11170 - ecom_dbt_dbt_assets - ASSET_CHECK_EVALUATION - Asset check 'dbt_expectations_expect_column_values_to_be_between_dim_product_product_description_length__5000__0' on 'dim_product' passed.
[32m2025-07-28 12:33:49 +1000[0m - dagster - [34mDEBUG[0m - materialize_dbt_models - d3300c35-9195-44a2-93e0-7ea6a05461d7 - 11170 - ecom_dbt_dbt_assets - STEP_OUTPUT - Yielded output "dim_product_dbt_expectations_expect_column_values_to_be_between_dim_product_product_height_cm__1000__0" of type "Any". (Type check passed).
[32m2025-07-28 12:33:49 +1000[0m - dagster - [34mDEBUG[0m - materialize_dbt_models - d3300c35-9195-44a2-93e0-7ea6a05461d7 - 11170 - ecom_dbt_dbt_assets - ASSET_CHECK_EVALUATION - Asset check 'dbt_expectations_expect_column_values_to_be_between_dim_product_product_height_cm__1000__0' on 'dim_product' passed.
[32m2025-07-28 12:33:49 +1000[0m - dagster - [34mDEBUG[0m - materialize_dbt_models - d3300c35-9195-44a2-93e0-7ea6a05461d7 - 11170 - ecom_dbt_dbt_assets - STEP_OUTPUT - Yielded output "dim_product_dbt_expectations_expect_column_values_to_be_between_dim_product_product_length_cm__1000__0" of type "Any". (Type check passed).
[32m2025-07-28 12:33:49 +1000[0m - dagster - [34mDEBUG[0m - materialize_dbt_models - d3300c35-9195-44a2-93e0-7ea6a05461d7 - 11170 - ecom_dbt_dbt_assets - ASSET_CHECK_EVALUATION - Asset check 'dbt_expectations_expect_column_values_to_be_between_dim_product_product_length_cm__1000__0' on 'dim_product' passed.
[32m2025-07-28 12:33:49 +1000[0m - dagster - [34mDEBUG[0m - materialize_dbt_models - d3300c35-9195-44a2-93e0-7ea6a05461d7 - 11170 - ecom_dbt_dbt_assets - STEP_OUTPUT - Yielded output "dim_product_dbt_expectations_expect_column_values_to_be_between_dim_product_product_name_length__100__1" of type "Any". (Type check passed).
[32m2025-07-28 12:33:49 +1000[0m - dagster - [34mDEBUG[0m - materialize_dbt_models - d3300c35-9195-44a2-93e0-7ea6a05461d7 - 11170 - ecom_dbt_dbt_assets - ASSET_CHECK_EVALUATION - Asset check 'dbt_expectations_expect_column_values_to_be_between_dim_product_product_name_length__100__1' on 'dim_product' passed.
[32m2025-07-28 12:33:49 +1000[0m - dagster - [34mDEBUG[0m - materialize_dbt_models - d3300c35-9195-44a2-93e0-7ea6a05461d7 - 11170 - ecom_dbt_dbt_assets - STEP_OUTPUT - Yielded output "dim_seller_dbt_expectations_expect_table_row_count_to_equal_other_table_dim_seller_source_lnd_sellers_" of type "Any". (Type check passed).
[32m2025-07-28 12:33:49 +1000[0m - dagster - [34mDEBUG[0m - materialize_dbt_models - d3300c35-9195-44a2-93e0-7ea6a05461d7 - 11170 - ecom_dbt_dbt_assets - ASSET_CHECK_EVALUATION - Asset check 'dbt_expectations_expect_table_row_count_to_equal_other_table_dim_seller_source_lnd_sellers_' on 'dim_seller' passed.
[32m2025-07-28 12:33:49 +1000[0m - dagster - [34mDEBUG[0m - materialize_dbt_models - d3300c35-9195-44a2-93e0-7ea6a05461d7 - 11170 - ecom_dbt_dbt_assets - STEP_OUTPUT - Yielded output "dim_seller_dbt_expectations_expect_column_values_to_be_in_set_dim_seller_seller_state__AC__AL__AM__AP__BA__CE__DF__ES__GO__MA__MG__MS__MT__PA__PB__PE__PI__PR__RJ__RN__RO__RR__RS__SC__SE__SP__TO" of type "Any". (Type check passed).
[32m2025-07-28 12:33:49 +1000[0m - dagster - [34mDEBUG[0m - materialize_dbt_models - d3300c35-9195-44a2-93e0-7ea6a05461d7 - 11170 - ecom_dbt_dbt_assets - ASSET_CHECK_EVALUATION - Asset check 'dbt_expectations_expect_column_values_to_be_in_set_dim_seller_seller_state__AC__AL__AM__AP__BA__CE__DF__ES__GO__MA__MG__MS__MT__PA__PB__PE__PI__PR__RJ__RN__RO__RR__RS__SC__SE__SP__TO' on 'dim_seller' passed.
[32m2025-07-28 12:33:49 +1000[0m - dagster - [34mDEBUG[0m - materialize_dbt_models - d3300c35-9195-44a2-93e0-7ea6a05461d7 - 11170 - ecom_dbt_dbt_assets - STEP_OUTPUT - Yielded output "dim_product_dbt_expectations_expect_column_values_to_be_between_dim_product_product_weight_g__50000__0" of type "Any". (Type check passed).
[32m2025-07-28 12:33:49 +1000[0m - dagster - [34mDEBUG[0m - materialize_dbt_models - d3300c35-9195-44a2-93e0-7ea6a05461d7 - 11170 - ecom_dbt_dbt_assets - ASSET_CHECK_EVALUATION - Asset check 'dbt_expectations_expect_column_values_to_be_between_dim_product_product_weight_g__50000__0' on 'dim_product' passed.
[32m2025-07-28 12:33:49 +1000[0m - dagster - [34mDEBUG[0m - materialize_dbt_models - d3300c35-9195-44a2-93e0-7ea6a05461d7 - 11170 - ecom_dbt_dbt_assets - STEP_OUTPUT - Yielded output "dim_product_dbt_expectations_expect_column_values_to_be_between_dim_product_product_photos_qty__50__0" of type "Any". (Type check passed).
[32m2025-07-28 12:33:49 +1000[0m - dagster - [34mDEBUG[0m - materialize_dbt_models - d3300c35-9195-44a2-93e0-7ea6a05461d7 - 11170 - ecom_dbt_dbt_assets - ASSET_CHECK_EVALUATION - Asset check 'dbt_expectations_expect_column_values_to_be_between_dim_product_product_photos_qty__50__0' on 'dim_product' passed.
[32m2025-07-28 12:33:49 +1000[0m - dagster - [34mDEBUG[0m - materialize_dbt_models - d3300c35-9195-44a2-93e0-7ea6a05461d7 - 11170 - ecom_dbt_dbt_assets - STEP_OUTPUT - Yielded output "dim_product_not_null_dim_product_product_id" of type "Any". (Type check passed).
[32m2025-07-28 12:33:49 +1000[0m - dagster - [34mDEBUG[0m - materialize_dbt_models - d3300c35-9195-44a2-93e0-7ea6a05461d7 - 11170 - ecom_dbt_dbt_assets - ASSET_CHECK_EVALUATION - Asset check 'not_null_dim_product_product_id' on 'dim_product' passed.
[32m2025-07-28 12:33:49 +1000[0m - dagster - [34mDEBUG[0m - materialize_dbt_models - d3300c35-9195-44a2-93e0-7ea6a05461d7 - 11170 - ecom_dbt_dbt_assets - STEP_OUTPUT - Yielded output "dim_product_unique_dim_product_product_pk" of type "Any". (Type check passed).
[32m2025-07-28 12:33:49 +1000[0m - dagster - [34mDEBUG[0m - materialize_dbt_models - d3300c35-9195-44a2-93e0-7ea6a05461d7 - 11170 - ecom_dbt_dbt_assets - ASSET_CHECK_EVALUATION - Asset check 'unique_dim_product_product_pk' on 'dim_product' passed.
[32m2025-07-28 12:33:49 +1000[0m - dagster - [34mDEBUG[0m - materialize_dbt_models - d3300c35-9195-44a2-93e0-7ea6a05461d7 - 11170 - ecom_dbt_dbt_assets - STEP_OUTPUT - Yielded output "dim_product_dbt_expectations_expect_table_row_count_to_equal_other_table_dim_product_source_lnd_products_" of type "Any". (Type check passed).
[32m2025-07-28 12:33:49 +1000[0m - dagster - [34mDEBUG[0m - materialize_dbt_models - d3300c35-9195-44a2-93e0-7ea6a05461d7 - 11170 - ecom_dbt_dbt_assets - ASSET_CHECK_EVALUATION - Asset check 'dbt_expectations_expect_table_row_count_to_equal_other_table_dim_product_source_lnd_products_' on 'dim_product' passed.
[32m2025-07-28 12:33:49 +1000[0m - dagster - [34mDEBUG[0m - materialize_dbt_models - d3300c35-9195-44a2-93e0-7ea6a05461d7 - 11170 - ecom_dbt_dbt_assets - STEP_OUTPUT - Yielded output "dim_product_dbt_expectations_expect_column_values_to_be_between_dim_product_product_width_cm__1000__0" of type "Any". (Type check passed).
[32m2025-07-28 12:33:49 +1000[0m - dagster - [34mDEBUG[0m - materialize_dbt_models - d3300c35-9195-44a2-93e0-7ea6a05461d7 - 11170 - ecom_dbt_dbt_assets - ASSET_CHECK_EVALUATION - Asset check 'dbt_expectations_expect_column_values_to_be_between_dim_product_product_width_cm__1000__0' on 'dim_product' passed.
[32m2025-07-28 12:33:49 +1000[0m - dagster - [34mDEBUG[0m - materialize_dbt_models - d3300c35-9195-44a2-93e0-7ea6a05461d7 - 11170 - ecom_dbt_dbt_assets - STEP_OUTPUT - Yielded output "dim_product_not_null_dim_product_product_pk" of type "Any". (Type check passed).
[32m2025-07-28 12:33:49 +1000[0m - dagster - [34mDEBUG[0m - materialize_dbt_models - d3300c35-9195-44a2-93e0-7ea6a05461d7 - 11170 - ecom_dbt_dbt_assets - ASSET_CHECK_EVALUATION - Asset check 'not_null_dim_product_product_pk' on 'dim_product' passed.
[32m2025-07-28 12:33:49 +1000[0m - dagster - [34mDEBUG[0m - materialize_dbt_models - d3300c35-9195-44a2-93e0-7ea6a05461d7 - 11170 - ecom_dbt_dbt_assets - STEP_OUTPUT - Yielded output "dim_customer" of type "Nothing". (Type check passed).
[32m2025-07-28 12:33:49 +1000[0m - dagster - [34mDEBUG[0m - materialize_dbt_models - d3300c35-9195-44a2-93e0-7ea6a05461d7 - 11170 - ecom_dbt_dbt_assets - ASSET_MATERIALIZATION - Materialized value dim_customer.
[32m2025-07-28 12:33:49 +1000[0m - dagster - [34mDEBUG[0m - materialize_dbt_models - d3300c35-9195-44a2-93e0-7ea6a05461d7 - 11170 - ecom_dbt_dbt_assets - STEP_OUTPUT - Yielded output "dim_customer_not_null_dim_customer_customer_pk" of type "Any". (Type check passed).
[32m2025-07-28 12:33:49 +1000[0m - dagster - [34mDEBUG[0m - materialize_dbt_models - d3300c35-9195-44a2-93e0-7ea6a05461d7 - 11170 - ecom_dbt_dbt_assets - ASSET_CHECK_EVALUATION - Asset check 'not_null_dim_customer_customer_pk' on 'dim_customer' passed.
[32m2025-07-28 12:33:49 +1000[0m - dagster - [34mDEBUG[0m - materialize_dbt_models - d3300c35-9195-44a2-93e0-7ea6a05461d7 - 11170 - ecom_dbt_dbt_assets - STEP_OUTPUT - Yielded output "dim_customer_dbt_expectations_expect_table_row_count_to_equal_other_table_dim_customer_source_lnd_customers_" of type "Any". (Type check passed).
[32m2025-07-28 12:33:49 +1000[0m - dagster - [34mDEBUG[0m - materialize_dbt_models - d3300c35-9195-44a2-93e0-7ea6a05461d7 - 11170 - ecom_dbt_dbt_assets - ASSET_CHECK_EVALUATION - Asset check 'dbt_expectations_expect_table_row_count_to_equal_other_table_dim_customer_source_lnd_customers_' on 'dim_customer' passed.
[32m2025-07-28 12:33:49 +1000[0m - dagster - [34mDEBUG[0m - materialize_dbt_models - d3300c35-9195-44a2-93e0-7ea6a05461d7 - 11170 - ecom_dbt_dbt_assets - STEP_OUTPUT - Yielded output "dim_customer_test_dim_customer_valid_dates" of type "Any". (Type check passed).
[32m2025-07-28 12:33:49 +1000[0m - dagster - [34mDEBUG[0m - materialize_dbt_models - d3300c35-9195-44a2-93e0-7ea6a05461d7 - 11170 - ecom_dbt_dbt_assets - ASSET_CHECK_EVALUATION - Asset check 'test_dim_customer_valid_dates' on 'dim_customer' passed.
[32m2025-07-28 12:33:49 +1000[0m - dagster - [34mDEBUG[0m - materialize_dbt_models - d3300c35-9195-44a2-93e0-7ea6a05461d7 - 11170 - ecom_dbt_dbt_assets - STEP_OUTPUT - Yielded output "dim_customer_not_null_dim_customer_customer_id" of type "Any". (Type check passed).
[32m2025-07-28 12:33:49 +1000[0m - dagster - [34mDEBUG[0m - materialize_dbt_models - d3300c35-9195-44a2-93e0-7ea6a05461d7 - 11170 - ecom_dbt_dbt_assets - ASSET_CHECK_EVALUATION - Asset check 'not_null_dim_customer_customer_id' on 'dim_customer' passed.
[32m2025-07-28 12:33:50 +1000[0m - dagster - [34mDEBUG[0m - materialize_dbt_models - d3300c35-9195-44a2-93e0-7ea6a05461d7 - 11170 - ecom_dbt_dbt_assets - STEP_OUTPUT - Yielded output "dim_customer_unique_dim_customer_customer_pk" of type "Any". (Type check passed).
[32m2025-07-28 12:33:50 +1000[0m - dagster - [34mDEBUG[0m - materialize_dbt_models - d3300c35-9195-44a2-93e0-7ea6a05461d7 - 11170 - ecom_dbt_dbt_assets - ASSET_CHECK_EVALUATION - Asset check 'unique_dim_customer_customer_pk' on 'dim_customer' passed.
[32m2025-07-28 12:33:50 +1000[0m - dagster - [34mDEBUG[0m - materialize_dbt_models - d3300c35-9195-44a2-93e0-7ea6a05461d7 - 11170 - ecom_dbt_dbt_assets - STEP_OUTPUT - Yielded output "dim_customer_dbt_expectations_expect_column_values_to_be_in_set_dim_customer_customer_state__AC__AL__AM__AP__BA__CE__DF__ES__GO__MA__MG__MS__MT__PA__PB__PE__PI__PR__RJ__RN__RO__RR__RS__SC__SE__SP__TO" of type "Any". (Type check passed).
[32m2025-07-28 12:33:50 +1000[0m - dagster - [34mDEBUG[0m - materialize_dbt_models - d3300c35-9195-44a2-93e0-7ea6a05461d7 - 11170 - ecom_dbt_dbt_assets - ASSET_CHECK_EVALUATION - Asset check 'dbt_expectations_expect_column_values_to_be_in_set_dim_customer_customer_state__AC__AL__AM__AP__BA__CE__DF__ES__GO__MA__MG__MS__MT__PA__PB__PE__PI__PR__RJ__RN__RO__RR__RS__SC__SE__SP__TO' on 'dim_customer' passed.
[32m2025-07-28 12:33:52 +1000[0m - dagster - [34mDEBUG[0m - materialize_dbt_models - d3300c35-9195-44a2-93e0-7ea6a05461d7 - 11170 - ecom_dbt_dbt_assets - STEP_OUTPUT - Yielded output "fct_order_items" of type "Nothing". (Type check passed).
[32m2025-07-28 12:33:52 +1000[0m - dagster - [34mDEBUG[0m - materialize_dbt_models - d3300c35-9195-44a2-93e0-7ea6a05461d7 - 11170 - ecom_dbt_dbt_assets - ASSET_MATERIALIZATION - Materialized value fct_order_items.
[32m2025-07-28 12:33:52 +1000[0m - dagster - [34mDEBUG[0m - materialize_dbt_models - d3300c35-9195-44a2-93e0-7ea6a05461d7 - 11170 - ecom_dbt_dbt_assets - STEP_OUTPUT - Yielded output "fct_orders" of type "Nothing". (Type check passed).
[32m2025-07-28 12:33:52 +1000[0m - dagster - [34mDEBUG[0m - materialize_dbt_models - d3300c35-9195-44a2-93e0-7ea6a05461d7 - 11170 - ecom_dbt_dbt_assets - ASSET_MATERIALIZATION - Materialized value fct_orders.
[32m2025-07-28 12:33:52 +1000[0m - dagster - [34mDEBUG[0m - materialize_dbt_models - d3300c35-9195-44a2-93e0-7ea6a05461d7 - 11170 - ecom_dbt_dbt_assets - STEP_OUTPUT - Yielded output "fct_order_items_test_fct_order_items_price_positive" of type "Any". (Type check passed).
[32m2025-07-28 12:33:52 +1000[0m - dagster - [34mDEBUG[0m - materialize_dbt_models - d3300c35-9195-44a2-93e0-7ea6a05461d7 - 11170 - ecom_dbt_dbt_assets - ASSET_CHECK_EVALUATION - Asset check 'test_fct_order_items_price_positive' on 'fct_order_items' passed.
[32m2025-07-28 12:33:52 +1000[0m - dagster - [34mDEBUG[0m - materialize_dbt_models - d3300c35-9195-44a2-93e0-7ea6a05461d7 - 11170 - ecom_dbt_dbt_assets - STEP_OUTPUT - Yielded output "fct_order_items_not_null_fct_order_items_order_date_pk" of type "Any". (Type check passed).
[32m2025-07-28 12:33:52 +1000[0m - dagster - [34mDEBUG[0m - materialize_dbt_models - d3300c35-9195-44a2-93e0-7ea6a05461d7 - 11170 - ecom_dbt_dbt_assets - ASSET_CHECK_EVALUATION - Asset check 'not_null_fct_order_items_order_date_pk' on 'fct_order_items' passed.
[32m2025-07-28 12:33:52 +1000[0m - dagster - [34mDEBUG[0m - materialize_dbt_models - d3300c35-9195-44a2-93e0-7ea6a05461d7 - 11170 - ecom_dbt_dbt_assets - STEP_OUTPUT - Yielded output "fct_order_items_not_null_fct_order_items_order_id" of type "Any". (Type check passed).
[32m2025-07-28 12:33:52 +1000[0m - dagster - [34mDEBUG[0m - materialize_dbt_models - d3300c35-9195-44a2-93e0-7ea6a05461d7 - 11170 - ecom_dbt_dbt_assets - ASSET_CHECK_EVALUATION - Asset check 'not_null_fct_order_items_order_id' on 'fct_order_items' passed.
[32m2025-07-28 12:33:52 +1000[0m - dagster - [34mDEBUG[0m - materialize_dbt_models - d3300c35-9195-44a2-93e0-7ea6a05461d7 - 11170 - ecom_dbt_dbt_assets - STEP_OUTPUT - Yielded output "fct_order_items_dbt_expectations_expect_column_values_to_be_between_fct_order_items_line_price__10000__0" of type "Any". (Type check passed).
[32m2025-07-28 12:33:52 +1000[0m - dagster - [34mDEBUG[0m - materialize_dbt_models - d3300c35-9195-44a2-93e0-7ea6a05461d7 - 11170 - ecom_dbt_dbt_assets - ASSET_CHECK_EVALUATION - Asset check 'dbt_expectations_expect_column_values_to_be_between_fct_order_items_line_price__10000__0' on 'fct_order_items' passed.
[32m2025-07-28 12:33:52 +1000[0m - dagster - [34mDEBUG[0m - materialize_dbt_models - d3300c35-9195-44a2-93e0-7ea6a05461d7 - 11170 - ecom_dbt_dbt_assets - STEP_OUTPUT - Yielded output "fct_order_items_dbt_expectations_expect_column_values_to_be_between_fct_order_items_line_freight__1000__0" of type "Any". (Type check passed).
[32m2025-07-28 12:33:52 +1000[0m - dagster - [34mDEBUG[0m - materialize_dbt_models - d3300c35-9195-44a2-93e0-7ea6a05461d7 - 11170 - ecom_dbt_dbt_assets - ASSET_CHECK_EVALUATION - Asset check 'dbt_expectations_expect_column_values_to_be_between_fct_order_items_line_freight__1000__0' on 'fct_order_items' passed.
[32m2025-07-28 12:33:52 +1000[0m - dagster - [34mDEBUG[0m - materialize_dbt_models - d3300c35-9195-44a2-93e0-7ea6a05461d7 - 11170 - ecom_dbt_dbt_assets - STEP_OUTPUT - Yielded output "fct_orders_dbt_expectations_expect_column_values_to_be_between_fct_orders_total_paid__100000__0" of type "Any". (Type check passed).
[32m2025-07-28 12:33:52 +1000[0m - dagster - [34mDEBUG[0m - materialize_dbt_models - d3300c35-9195-44a2-93e0-7ea6a05461d7 - 11170 - ecom_dbt_dbt_assets - ASSET_CHECK_EVALUATION - Asset check 'dbt_expectations_expect_column_values_to_be_between_fct_orders_total_paid__100000__0' on 'fct_orders' passed.
[32m2025-07-28 12:33:52 +1000[0m - dagster - [34mDEBUG[0m - materialize_dbt_models - d3300c35-9195-44a2-93e0-7ea6a05461d7 - 11170 - ecom_dbt_dbt_assets - STEP_OUTPUT - Yielded output "fct_orders_not_null_fct_orders_order_date_pk" of type "Any". (Type check passed).
[32m2025-07-28 12:33:52 +1000[0m - dagster - [34mDEBUG[0m - materialize_dbt_models - d3300c35-9195-44a2-93e0-7ea6a05461d7 - 11170 - ecom_dbt_dbt_assets - ASSET_CHECK_EVALUATION - Asset check 'not_null_fct_orders_order_date_pk' on 'fct_orders' passed.
[32m2025-07-28 12:33:52 +1000[0m - dagster - [34mDEBUG[0m - materialize_dbt_models - d3300c35-9195-44a2-93e0-7ea6a05461d7 - 11170 - ecom_dbt_dbt_assets - STEP_OUTPUT - Yielded output "fct_orders_not_null_fct_orders_order_id" of type "Any". (Type check passed).
[32m2025-07-28 12:33:52 +1000[0m - dagster - [34mDEBUG[0m - materialize_dbt_models - d3300c35-9195-44a2-93e0-7ea6a05461d7 - 11170 - ecom_dbt_dbt_assets - ASSET_CHECK_EVALUATION - Asset check 'not_null_fct_orders_order_id' on 'fct_orders' passed.
[32m2025-07-28 12:33:52 +1000[0m - dagster - [34mDEBUG[0m - materialize_dbt_models - d3300c35-9195-44a2-93e0-7ea6a05461d7 - 11170 - ecom_dbt_dbt_assets - STEP_OUTPUT - Yielded output "fct_orders_not_null_fct_orders_review_time_pk" of type "Any". (Type check passed).
[32m2025-07-28 12:33:52 +1000[0m - dagster - [34mDEBUG[0m - materialize_dbt_models - d3300c35-9195-44a2-93e0-7ea6a05461d7 - 11170 - ecom_dbt_dbt_assets - ASSET_CHECK_EVALUATION - Asset check 'not_null_fct_orders_review_time_pk' on 'fct_orders' passed.
[32m2025-07-28 12:33:52 +1000[0m - dagster - [34mDEBUG[0m - materialize_dbt_models - d3300c35-9195-44a2-93e0-7ea6a05461d7 - 11170 - ecom_dbt_dbt_assets - STEP_OUTPUT - Yielded output "fct_order_items_not_null_fct_order_items_order_item_unique_key" of type "Any". (Type check passed).
[32m2025-07-28 12:33:52 +1000[0m - dagster - [34mDEBUG[0m - materialize_dbt_models - d3300c35-9195-44a2-93e0-7ea6a05461d7 - 11170 - ecom_dbt_dbt_assets - ASSET_CHECK_EVALUATION - Asset check 'not_null_fct_order_items_order_item_unique_key' on 'fct_order_items' passed.
[32m2025-07-28 12:33:52 +1000[0m - dagster - [34mDEBUG[0m - materialize_dbt_models - d3300c35-9195-44a2-93e0-7ea6a05461d7 - 11170 - ecom_dbt_dbt_assets - STEP_OUTPUT - Yielded output "fct_order_items_not_null_fct_order_items_order_item_id" of type "Any". (Type check passed).
[32m2025-07-28 12:33:52 +1000[0m - dagster - [34mDEBUG[0m - materialize_dbt_models - d3300c35-9195-44a2-93e0-7ea6a05461d7 - 11170 - ecom_dbt_dbt_assets - ASSET_CHECK_EVALUATION - Asset check 'not_null_fct_order_items_order_item_id' on 'fct_order_items' passed.
[32m2025-07-28 12:33:52 +1000[0m - dagster - [34mDEBUG[0m - materialize_dbt_models - d3300c35-9195-44a2-93e0-7ea6a05461d7 - 11170 - ecom_dbt_dbt_assets - STEP_OUTPUT - Yielded output "fct_orders_not_null_fct_orders_order_status_pk" of type "Any". (Type check passed).
[32m2025-07-28 12:33:52 +1000[0m - dagster - [34mDEBUG[0m - materialize_dbt_models - d3300c35-9195-44a2-93e0-7ea6a05461d7 - 11170 - ecom_dbt_dbt_assets - ASSET_CHECK_EVALUATION - Asset check 'not_null_fct_orders_order_status_pk' on 'fct_orders' passed.
[32m2025-07-28 12:33:52 +1000[0m - dagster - [34mDEBUG[0m - materialize_dbt_models - d3300c35-9195-44a2-93e0-7ea6a05461d7 - 11170 - ecom_dbt_dbt_assets - STEP_OUTPUT - Yielded output "fct_orders_test_fct_orders_revenue_positive" of type "Any". (Type check passed).
[32m2025-07-28 12:33:52 +1000[0m - dagster - [34mDEBUG[0m - materialize_dbt_models - d3300c35-9195-44a2-93e0-7ea6a05461d7 - 11170 - ecom_dbt_dbt_assets - ASSET_CHECK_EVALUATION - Asset check 'test_fct_orders_revenue_positive' on 'fct_orders' passed.
[32m2025-07-28 12:33:52 +1000[0m - dagster - [34mDEBUG[0m - materialize_dbt_models - d3300c35-9195-44a2-93e0-7ea6a05461d7 - 11170 - ecom_dbt_dbt_assets - STEP_OUTPUT - Yielded output "fct_orders_dbt_expectations_expect_column_values_to_be_between_fct_orders_total_revenue__100000__0" of type "Any". (Type check passed).
[32m2025-07-28 12:33:52 +1000[0m - dagster - [34mDEBUG[0m - materialize_dbt_models - d3300c35-9195-44a2-93e0-7ea6a05461d7 - 11170 - ecom_dbt_dbt_assets - ASSET_CHECK_EVALUATION - Asset check 'dbt_expectations_expect_column_values_to_be_between_fct_orders_total_revenue__100000__0' on 'fct_orders' passed.
[32m2025-07-28 12:33:52 +1000[0m - dagster - [34mDEBUG[0m - materialize_dbt_models - d3300c35-9195-44a2-93e0-7ea6a05461d7 - 11170 - ecom_dbt_dbt_assets - STEP_OUTPUT - Yielded output "fct_orders_relationships_fct_orders_order_status_pk__order_status_pk__ref_dim_order_status_" of type "Any". (Type check passed).
[32m2025-07-28 12:33:52 +1000[0m - dagster - [34mDEBUG[0m - materialize_dbt_models - d3300c35-9195-44a2-93e0-7ea6a05461d7 - 11170 - ecom_dbt_dbt_assets - ASSET_CHECK_EVALUATION - Asset check 'relationships_fct_orders_order_status_pk__order_status_pk__ref_dim_order_status_' on 'fct_orders' passed.
[32m2025-07-28 12:33:52 +1000[0m - dagster - [34mWARNING[0m - materialize_dbt_models - d3300c35-9195-44a2-93e0-7ea6a05461d7 - ecom_dbt_dbt_assets - Logging an `AssetObservation` instead of an `AssetCheckResult` for dbt test `test_order_dates_reasonable`.

`test_order_dates_reasonable` is a singular test with multiple dependencies. Configure an asset key in the test's dbt meta to load it as an asset check.

This test was not included in Dagster's asset check selection, and was likely executed due to dbt indirect selection.
[32m2025-07-28 12:33:52 +1000[0m - dagster - [34mDEBUG[0m - materialize_dbt_models - d3300c35-9195-44a2-93e0-7ea6a05461d7 - 11170 - ecom_dbt_dbt_assets - ASSET_OBSERVATION - DagsterEventType.ASSET_OBSERVATION for step ecom_dbt_dbt_assets
[32m2025-07-28 12:33:52 +1000[0m - dagster - [34mDEBUG[0m - materialize_dbt_models - d3300c35-9195-44a2-93e0-7ea6a05461d7 - 11170 - ecom_dbt_dbt_assets - ASSET_OBSERVATION - DagsterEventType.ASSET_OBSERVATION for step ecom_dbt_dbt_assets
[32m2025-07-28 12:33:52 +1000[0m - dagster - [34mDEBUG[0m - materialize_dbt_models - d3300c35-9195-44a2-93e0-7ea6a05461d7 - 11170 - ecom_dbt_dbt_assets - STEP_OUTPUT - Yielded output "fct_orders_relationships_fct_orders_order_date_pk__date_pk__ref_dim_date_" of type "Any". (Type check passed).
[32m2025-07-28 12:33:52 +1000[0m - dagster - [34mDEBUG[0m - materialize_dbt_models - d3300c35-9195-44a2-93e0-7ea6a05461d7 - 11170 - ecom_dbt_dbt_assets - ASSET_CHECK_EVALUATION - Asset check 'relationships_fct_orders_order_date_pk__date_pk__ref_dim_date_' on 'fct_orders' passed.
[32m2025-07-28 12:33:52 +1000[0m - dagster - [34mDEBUG[0m - materialize_dbt_models - d3300c35-9195-44a2-93e0-7ea6a05461d7 - 11170 - ecom_dbt_dbt_assets - STEP_OUTPUT - Yielded output "fct_orders_relationships_fct_orders_review_time_pk__time_pk__ref_dim_time_" of type "Any". (Type check passed).
[32m2025-07-28 12:33:52 +1000[0m - dagster - [34mDEBUG[0m - materialize_dbt_models - d3300c35-9195-44a2-93e0-7ea6a05461d7 - 11170 - ecom_dbt_dbt_assets - ASSET_CHECK_EVALUATION - Asset check 'relationships_fct_orders_review_time_pk__time_pk__ref_dim_time_' on 'fct_orders' passed.
[32m2025-07-28 12:33:53 +1000[0m - dagster - [34mDEBUG[0m - materialize_dbt_models - d3300c35-9195-44a2-93e0-7ea6a05461d7 - 11170 - ecom_dbt_dbt_assets - STEP_OUTPUT - Yielded output "fct_order_reviews" of type "Nothing". (Type check passed).
[32m2025-07-28 12:33:53 +1000[0m - dagster - [34mDEBUG[0m - materialize_dbt_models - d3300c35-9195-44a2-93e0-7ea6a05461d7 - 11170 - ecom_dbt_dbt_assets - ASSET_MATERIALIZATION - Materialized value fct_order_reviews.
[32m2025-07-28 12:33:53 +1000[0m - dagster - [34mDEBUG[0m - materialize_dbt_models - d3300c35-9195-44a2-93e0-7ea6a05461d7 - 11170 - ecom_dbt_dbt_assets - STEP_OUTPUT - Yielded output "fct_order_reviews_not_null_fct_order_reviews_customer_pk" of type "Any". (Type check passed).
[32m2025-07-28 12:33:53 +1000[0m - dagster - [34mDEBUG[0m - materialize_dbt_models - d3300c35-9195-44a2-93e0-7ea6a05461d7 - 11170 - ecom_dbt_dbt_assets - ASSET_CHECK_EVALUATION - Asset check 'not_null_fct_order_reviews_customer_pk' on 'fct_order_reviews' passed.
[32m2025-07-28 12:33:53 +1000[0m - dagster - [34mDEBUG[0m - materialize_dbt_models - d3300c35-9195-44a2-93e0-7ea6a05461d7 - 11170 - ecom_dbt_dbt_assets - STEP_OUTPUT - Yielded output "fct_order_reviews_not_null_fct_order_reviews_creation_date_pk" of type "Any". (Type check passed).
[32m2025-07-28 12:33:53 +1000[0m - dagster - [34mDEBUG[0m - materialize_dbt_models - d3300c35-9195-44a2-93e0-7ea6a05461d7 - 11170 - ecom_dbt_dbt_assets - ASSET_CHECK_EVALUATION - Asset check 'not_null_fct_order_reviews_creation_date_pk' on 'fct_order_reviews' passed.
[32m2025-07-28 12:33:53 +1000[0m - dagster - [34mDEBUG[0m - materialize_dbt_models - d3300c35-9195-44a2-93e0-7ea6a05461d7 - 11170 - ecom_dbt_dbt_assets - STEP_OUTPUT - Yielded output "fct_order_reviews_test_review_scores_range" of type "Any". (Type check passed).
[32m2025-07-28 12:33:53 +1000[0m - dagster - [34mDEBUG[0m - materialize_dbt_models - d3300c35-9195-44a2-93e0-7ea6a05461d7 - 11170 - ecom_dbt_dbt_assets - ASSET_CHECK_EVALUATION - Asset check 'test_review_scores_range' on 'fct_order_reviews' passed.
[32m2025-07-28 12:33:53 +1000[0m - dagster - [34mDEBUG[0m - materialize_dbt_models - d3300c35-9195-44a2-93e0-7ea6a05461d7 - 11170 - ecom_dbt_dbt_assets - STEP_OUTPUT - Yielded output "fct_order_reviews_not_null_fct_order_reviews_order_id" of type "Any". (Type check passed).
[32m2025-07-28 12:33:53 +1000[0m - dagster - [34mDEBUG[0m - materialize_dbt_models - d3300c35-9195-44a2-93e0-7ea6a05461d7 - 11170 - ecom_dbt_dbt_assets - ASSET_CHECK_EVALUATION - Asset check 'not_null_fct_order_reviews_order_id' on 'fct_order_reviews' passed.
[32m2025-07-28 12:33:53 +1000[0m - dagster - [34mDEBUG[0m - materialize_dbt_models - d3300c35-9195-44a2-93e0-7ea6a05461d7 - 11170 - ecom_dbt_dbt_assets - STEP_OUTPUT - Yielded output "fct_order_reviews_not_null_fct_order_reviews_review_id" of type "Any". (Type check passed).
[32m2025-07-28 12:33:53 +1000[0m - dagster - [34mDEBUG[0m - materialize_dbt_models - d3300c35-9195-44a2-93e0-7ea6a05461d7 - 11170 - ecom_dbt_dbt_assets - ASSET_CHECK_EVALUATION - Asset check 'not_null_fct_order_reviews_review_id' on 'fct_order_reviews' passed.
[32m2025-07-28 12:33:53 +1000[0m - dagster - [34mDEBUG[0m - materialize_dbt_models - d3300c35-9195-44a2-93e0-7ea6a05461d7 - 11170 - ecom_dbt_dbt_assets - STEP_OUTPUT - Yielded output "fct_order_reviews_not_null_fct_order_reviews_review_score" of type "Any". (Type check passed).
[32m2025-07-28 12:33:53 +1000[0m - dagster - [34mDEBUG[0m - materialize_dbt_models - d3300c35-9195-44a2-93e0-7ea6a05461d7 - 11170 - ecom_dbt_dbt_assets - ASSET_CHECK_EVALUATION - Asset check 'not_null_fct_order_reviews_review_score' on 'fct_order_reviews' passed.
[32m2025-07-28 12:33:53 +1000[0m - dagster - [34mDEBUG[0m - materialize_dbt_models - d3300c35-9195-44a2-93e0-7ea6a05461d7 - 11170 - ecom_dbt_dbt_assets - STEP_OUTPUT - Yielded output "fct_order_reviews_relationships_fct_order_reviews_answer_time_pk__time_pk__ref_dim_time_" of type "Any". (Type check passed).
[32m2025-07-28 12:33:53 +1000[0m - dagster - [34mDEBUG[0m - materialize_dbt_models - d3300c35-9195-44a2-93e0-7ea6a05461d7 - 11170 - ecom_dbt_dbt_assets - ASSET_CHECK_EVALUATION - Asset check 'relationships_fct_order_reviews_answer_time_pk__time_pk__ref_dim_time_' on 'fct_order_reviews' passed.
[32m2025-07-28 12:33:53 +1000[0m - dagster - [34mDEBUG[0m - materialize_dbt_models - d3300c35-9195-44a2-93e0-7ea6a05461d7 - 11170 - ecom_dbt_dbt_assets - STEP_OUTPUT - Yielded output "fct_order_reviews_relationships_fct_order_reviews_answer_date_pk__date_pk__ref_dim_date_" of type "Any". (Type check passed).
[32m2025-07-28 12:33:53 +1000[0m - dagster - [34mDEBUG[0m - materialize_dbt_models - d3300c35-9195-44a2-93e0-7ea6a05461d7 - 11170 - ecom_dbt_dbt_assets - ASSET_CHECK_EVALUATION - Asset check 'relationships_fct_order_reviews_answer_date_pk__date_pk__ref_dim_date_' on 'fct_order_reviews' passed.
[32m2025-07-28 12:33:53 +1000[0m - dagster - [34mDEBUG[0m - materialize_dbt_models - d3300c35-9195-44a2-93e0-7ea6a05461d7 - 11170 - ecom_dbt_dbt_assets - STEP_OUTPUT - Yielded output "fct_order_reviews_relationships_fct_order_reviews_creation_date_pk__date_pk__ref_dim_date_" of type "Any". (Type check passed).
[32m2025-07-28 12:33:53 +1000[0m - dagster - [34mDEBUG[0m - materialize_dbt_models - d3300c35-9195-44a2-93e0-7ea6a05461d7 - 11170 - ecom_dbt_dbt_assets - ASSET_CHECK_EVALUATION - Asset check 'relationships_fct_order_reviews_creation_date_pk__date_pk__ref_dim_date_' on 'fct_order_reviews' passed.
[32m2025-07-28 12:33:53 +1000[0m - dagster - [34mDEBUG[0m - materialize_dbt_models - d3300c35-9195-44a2-93e0-7ea6a05461d7 - 11170 - ecom_dbt_dbt_assets - STEP_OUTPUT - Yielded output "fct_order_reviews_relationships_fct_order_reviews_review_time_pk__time_pk__ref_dim_time_" of type "Any". (Type check passed).
[32m2025-07-28 12:33:53 +1000[0m - dagster - [34mDEBUG[0m - materialize_dbt_models - d3300c35-9195-44a2-93e0-7ea6a05461d7 - 11170 - ecom_dbt_dbt_assets - ASSET_CHECK_EVALUATION - Asset check 'relationships_fct_order_reviews_review_time_pk__time_pk__ref_dim_time_' on 'fct_order_reviews' passed.
[32m2025-07-28 12:33:54 +1000[0m - dagster - [34mDEBUG[0m - materialize_dbt_models - d3300c35-9195-44a2-93e0-7ea6a05461d7 - 11170 - ecom_dbt_dbt_assets - STEP_OUTPUT - Yielded output "fct_order_reviews_unique_fct_order_reviews_review_id" of type "Any". (Type check passed).
[32m2025-07-28 12:33:54 +1000[0m - dagster - [34mDEBUG[0m - materialize_dbt_models - d3300c35-9195-44a2-93e0-7ea6a05461d7 - 11170 - ecom_dbt_dbt_assets - ASSET_CHECK_EVALUATION - Asset check 'unique_fct_order_reviews_review_id' on 'fct_order_reviews' passed.
[32m2025-07-28 12:33:55 +1000[0m - dagster - [34mINFO[0m - materialize_dbt_models - d3300c35-9195-44a2-93e0-7ea6a05461d7 - ecom_dbt_dbt_assets - Finished dbt command: `dbt build --select fqn:*`.
[32m2025-07-28 12:33:55 +1000[0m - dagster - [34mDEBUG[0m - materialize_dbt_models - d3300c35-9195-44a2-93e0-7ea6a05461d7 - 11170 - ecom_dbt_dbt_assets - STEP_SUCCESS - Finished execution of step "ecom_dbt_dbt_assets" in 13.32s.
