Running with dbt=1.10.3
Registered adapter: snowflake=1.9.4
[[33mWARNING[0m]: Configuration paths exist in your dbt_project.yml file which do not apply to any resources.
There are 1 unused configuration paths:
- models.ecom_dbt.dim
Found 18 models, 3 snapshots, 67 data tests, 4 analyses, 8 sources, 873 macros

Concurrency: 10 threads (target='dev')

1 of 88 START sql table model DEV.stg_customers ................................ [RUN]
2 of 88 START sql table model DEV.stg_order_items .............................. [RUN]
3 of 88 START sql table model DEV.stg_order_payments ........................... [RUN]
4 of 88 START sql table model DEV.stg_order_reviews ............................ [RUN]
5 of 88 START sql table model DEV.stg_orders ................................... [RUN]
6 of 88 START sql table model DEV.stg_product_category ......................... [RUN]
7 of 88 START sql table model DEV.stg_products ................................. [RUN]
8 of 88 START sql table model DEV.stg_sellers .................................. [RUN]
7 of 88 OK created sql table model DEV.stg_products ............................ [[32mSUCCESS 1[0m in 3.72s]
8 of 88 OK created sql table model DEV.stg_sellers ............................. [[32mSUCCESS 1[0m in 3.73s]
3 of 88 OK created sql table model DEV.stg_order_payments ...................... [[32mSUCCESS 1[0m in 3.73s]
9 of 88 START sql table model DEV.dim_payment_type ............................. [RUN]
10 of 88 START snapshot DEV.products_snapshot .................................. [RUN]
11 of 88 START snapshot DEV.sellers_snapshot ................................... [RUN]
5 of 88 OK created sql table model DEV.stg_orders .............................. [[32mSUCCESS 1[0m in 3.84s]
6 of 88 OK created sql table model DEV.stg_product_category .................... [[32mSUCCESS 1[0m in 3.84s]
12 of 88 START sql table model DEV.dim_order_status ............................ [RUN]
1 of 88 OK created sql table model DEV.stg_customers ........................... [[32mSUCCESS 1[0m in 4.15s]
13 of 88 START snapshot DEV.customers_snapshot ................................. [RUN]
2 of 88 OK created sql table model DEV.stg_order_items ......................... [[32mSUCCESS 1[0m in 4.25s]
12 of 88 OK created sql table model DEV.dim_order_status ....................... [[32mSUCCESS 1[0m in 0.64s]
14 of 88 START test not_null_dim_order_status_order_status ..................... [RUN]
15 of 88 START test not_null_dim_order_status_order_status_pk .................. [RUN]
16 of 88 START test unique_dim_order_status_order_status ....................... [RUN]
17 of 88 START test unique_dim_order_status_order_status_pk .................... [RUN]
9 of 88 OK created sql table model DEV.dim_payment_type ........................ [[32mSUCCESS 1[0m in 0.95s]
18 of 88 START test not_null_dim_payment_type_payment_type ..................... [RUN]
19 of 88 START test not_null_dim_payment_type_payment_type_pk .................. [RUN]
15 of 88 PASS not_null_dim_order_status_order_status_pk ........................ [[32mPASS[0m in 0.21s]
20 of 88 START test unique_dim_payment_type_payment_type ....................... [RUN]
4 of 88 OK created sql table model DEV.stg_order_reviews ....................... [[32mSUCCESS 1[0m in 4.75s]
21 of 88 START test unique_dim_payment_type_payment_type_pk .................... [RUN]
14 of 88 PASS not_null_dim_order_status_order_status ........................... [[32mPASS[0m in 0.23s]
22 of 88 START sql table model DEV.dim_date .................................... [RUN]
17 of 88 PASS unique_dim_order_status_order_status_pk .......................... [[32mPASS[0m in 0.25s]
23 of 88 START sql table model DEV.dim_time .................................... [RUN]
19 of 88 PASS not_null_dim_payment_type_payment_type_pk ........................ [[32mPASS[0m in 0.17s]
18 of 88 PASS not_null_dim_payment_type_payment_type ........................... [[32mPASS[0m in 1.13s]
16 of 88 PASS unique_dim_order_status_order_status ............................. [[32mPASS[0m in 1.29s]
21 of 88 PASS unique_dim_payment_type_payment_type_pk .......................... [[32mPASS[0m in 1.10s]
20 of 88 PASS unique_dim_payment_type_payment_type ............................. [[32mPASS[0m in 1.11s]
23 of 88 OK created sql table model DEV.dim_time ............................... [[32mSUCCESS 1[0m in 1.14s]
22 of 88 OK created sql table model DEV.dim_date ............................... [[32mSUCCESS 1[0m in 1.36s]
24 of 88 START test dbt_expectations_expect_column_values_to_be_between_dim_date_day__31__1  [RUN]
25 of 88 START test dbt_expectations_expect_column_values_to_be_between_dim_date_month__12__1  [RUN]
26 of 88 START test dbt_expectations_expect_column_values_to_be_between_dim_date_week__53__1  [RUN]
27 of 88 START test dbt_expectations_expect_column_values_to_be_between_dim_date_year__2030__2016  [RUN]
28 of 88 START test not_null_dim_date_date_key ................................. [RUN]
29 of 88 START test not_null_dim_date_date_pk .................................. [RUN]
30 of 88 START test unique_dim_date_date_key ................................... [RUN]
11 of 88 OK snapshotted DEV.sellers_snapshot ................................... [[32mSUCCESS 0[0m in 2.72s]
28 of 88 PASS not_null_dim_date_date_key ....................................... [[32mPASS[0m in 0.31s]
25 of 88 PASS dbt_expectations_expect_column_values_to_be_between_dim_date_month__12__1  [[32mPASS[0m in 0.32s]
24 of 88 PASS dbt_expectations_expect_column_values_to_be_between_dim_date_day__31__1  [[32mPASS[0m in 0.33s]
30 of 88 PASS unique_dim_date_date_key ......................................... [[32mPASS[0m in 0.29s]
26 of 88 PASS dbt_expectations_expect_column_values_to_be_between_dim_date_week__53__1  [[32mPASS[0m in 0.35s]
27 of 88 PASS dbt_expectations_expect_column_values_to_be_between_dim_date_year__2030__2016  [[32mPASS[0m in 0.35s]
29 of 88 PASS not_null_dim_date_date_pk ........................................ [[32mPASS[0m in 0.35s]
31 of 88 START test unique_dim_date_date_pk .................................... [RUN]
32 of 88 START sql table model DEV.dim_seller .................................. [RUN]
31 of 88 PASS unique_dim_date_date_pk .......................................... [[32mPASS[0m in 0.13s]
13 of 88 OK snapshotted DEV.customers_snapshot ................................. [[32mSUCCESS 0[0m in 2.80s]
33 of 88 START sql table model DEV.dim_customer ................................ [RUN]
32 of 88 OK created sql table model DEV.dim_seller ............................. [[32mSUCCESS 1[0m in 0.65s]
34 of 88 START test dbt_expectations_expect_column_values_to_be_in_set_dim_seller_seller_state__AC__AL__AM__AP__BA__CE__DF__ES__GO__MA__MG__MS__MT__PA__PB__PE__PI__PR__RJ__RN__RO__RR__RS__SC__SE__SP__TO  [RUN]
35 of 88 START test dbt_expectations_expect_table_row_count_to_equal_other_table_dim_seller_source_lnd_sellers_  [RUN]
36 of 88 START test not_null_dim_seller_seller_id .............................. [RUN]
37 of 88 START test not_null_dim_seller_seller_pk .............................. [RUN]
38 of 88 START test unique_dim_seller_seller_pk ................................ [RUN]
10 of 88 OK snapshotted DEV.products_snapshot .................................. [[32mSUCCESS 0[0m in 3.61s]
39 of 88 START sql table model DEV.dim_product ................................. [RUN]
36 of 88 PASS not_null_dim_seller_seller_id .................................... [[32mPASS[0m in 0.24s]
35 of 88 PASS dbt_expectations_expect_table_row_count_to_equal_other_table_dim_seller_source_lnd_sellers_  [[32mPASS[0m in 0.24s]
38 of 88 PASS unique_dim_seller_seller_pk ...................................... [[32mPASS[0m in 0.26s]
37 of 88 PASS not_null_dim_seller_seller_pk .................................... [[32mPASS[0m in 0.27s]
34 of 88 PASS dbt_expectations_expect_column_values_to_be_in_set_dim_seller_seller_state__AC__AL__AM__AP__BA__CE__DF__ES__GO__MA__MG__MS__MT__PA__PB__PE__PI__PR__RJ__RN__RO__RR__RS__SC__SE__SP__TO  [[32mPASS[0m in 0.31s]
33 of 88 OK created sql table model DEV.dim_customer ........................... [[32mSUCCESS 1[0m in 1.25s]
40 of 88 START test dbt_expectations_expect_column_values_to_be_in_set_dim_customer_customer_state__AC__AL__AM__AP__BA__CE__DF__ES__GO__MA__MG__MS__MT__PA__PB__PE__PI__PR__RJ__RN__RO__RR__RS__SC__SE__SP__TO  [RUN]
41 of 88 START test dbt_expectations_expect_table_row_count_to_equal_other_table_dim_customer_source_lnd_customers_  [RUN]
42 of 88 START test not_null_dim_customer_customer_id .......................... [RUN]
43 of 88 START test not_null_dim_customer_customer_pk .......................... [RUN]
44 of 88 START test test_dim_customer_valid_dates .............................. [RUN]
39 of 88 OK created sql table model DEV.dim_product ............................ [[32mSUCCESS 1[0m in 0.86s]
45 of 88 START test unique_dim_customer_customer_pk ............................ [RUN]
46 of 88 START test dbt_expectations_expect_column_values_to_be_between_dim_product_product_description_length__5000__0  [RUN]
47 of 88 START test dbt_expectations_expect_column_values_to_be_between_dim_product_product_height_cm__1000__0  [RUN]
48 of 88 START test dbt_expectations_expect_column_values_to_be_between_dim_product_product_length_cm__1000__0  [RUN]
49 of 88 START test dbt_expectations_expect_column_values_to_be_between_dim_product_product_name_length__100__1  [RUN]
43 of 88 PASS not_null_dim_customer_customer_pk ................................ [[32mPASS[0m in 0.22s]
42 of 88 PASS not_null_dim_customer_customer_id ................................ [[32mPASS[0m in 0.22s]
50 of 88 START test dbt_expectations_expect_column_values_to_be_between_dim_product_product_photos_qty__50__0  [RUN]
51 of 88 START test dbt_expectations_expect_column_values_to_be_between_dim_product_product_weight_g__50000__0  [RUN]
41 of 88 PASS dbt_expectations_expect_table_row_count_to_equal_other_table_dim_customer_source_lnd_customers_  [[32mPASS[0m in 0.24s]
48 of 88 PASS dbt_expectations_expect_column_values_to_be_between_dim_product_product_length_cm__1000__0  [[32mPASS[0m in 0.21s]
44 of 88 PASS test_dim_customer_valid_dates .................................... [[32mPASS[0m in 0.25s]
47 of 88 PASS dbt_expectations_expect_column_values_to_be_between_dim_product_product_height_cm__1000__0  [[32mPASS[0m in 0.22s]
49 of 88 PASS dbt_expectations_expect_column_values_to_be_between_dim_product_product_name_length__100__1  [[32mPASS[0m in 0.22s]
52 of 88 START test dbt_expectations_expect_column_values_to_be_between_dim_product_product_width_cm__1000__0  [RUN]
53 of 88 START test dbt_expectations_expect_table_row_count_to_equal_other_table_dim_product_source_lnd_products_  [RUN]
54 of 88 START test not_null_dim_product_product_id ............................ [RUN]
55 of 88 START test not_null_dim_product_product_pk ............................ [RUN]
56 of 88 START test unique_dim_product_product_pk .............................. [RUN]
50 of 88 PASS dbt_expectations_expect_column_values_to_be_between_dim_product_product_photos_qty__50__0  [[32mPASS[0m in 0.15s]
46 of 88 PASS dbt_expectations_expect_column_values_to_be_between_dim_product_product_description_length__5000__0  [[32mPASS[0m in 0.34s]
40 of 88 PASS dbt_expectations_expect_column_values_to_be_in_set_dim_customer_customer_state__AC__AL__AM__AP__BA__CE__DF__ES__GO__MA__MG__MS__MT__PA__PB__PE__PI__PR__RJ__RN__RO__RR__RS__SC__SE__SP__TO  [[32mPASS[0m in 0.38s]
51 of 88 PASS dbt_expectations_expect_column_values_to_be_between_dim_product_product_weight_g__50000__0  [[32mPASS[0m in 0.18s]
45 of 88 PASS unique_dim_customer_customer_pk .................................. [[32mPASS[0m in 0.47s]
57 of 88 START sql incremental model DEV.fct_order_reviews ..................... [RUN]
58 of 88 START sql incremental model DEV.fct_orders ............................ [RUN]
54 of 88 PASS not_null_dim_product_product_id .................................. [[32mPASS[0m in 0.26s]
55 of 88 PASS not_null_dim_product_product_pk .................................. [[32mPASS[0m in 0.19s]
56 of 88 PASS unique_dim_product_product_pk .................................... [[32mPASS[0m in 0.19s]
53 of 88 PASS dbt_expectations_expect_table_row_count_to_equal_other_table_dim_product_source_lnd_products_  [[32mPASS[0m in 0.33s]
52 of 88 PASS dbt_expectations_expect_column_values_to_be_between_dim_product_product_width_cm__1000__0  [[32mPASS[0m in 0.34s]
59 of 88 START sql incremental model DEV.fct_order_items ....................... [RUN]
59 of 88 OK created sql incremental model DEV.fct_order_items .................. [[32mSUCCESS 112650[0m in 2.48s]
60 of 88 START test dbt_expectations_expect_column_values_to_be_between_fct_order_items_line_freight__1000__0  [RUN]
61 of 88 START test dbt_expectations_expect_column_values_to_be_between_fct_order_items_line_price__10000__0  [RUN]
62 of 88 START test not_null_fct_order_items_order_date_pk ..................... [RUN]
63 of 88 START test not_null_fct_order_items_order_id .......................... [RUN]
64 of 88 START test not_null_fct_order_items_order_item_id ..................... [RUN]
65 of 88 START test not_null_fct_order_items_order_item_unique_key ............. [RUN]
66 of 88 START test test_fct_order_items_price_positive ........................ [RUN]
58 of 88 OK created sql incremental model DEV.fct_orders ....................... [[32mSUCCESS 99441[0m in 2.66s]
67 of 88 START test dbt_expectations_expect_column_values_to_be_between_fct_orders_total_paid__100000__0  [RUN]
68 of 88 START test dbt_expectations_expect_column_values_to_be_between_fct_orders_total_revenue__100000__0  [RUN]
63 of 88 PASS not_null_fct_order_items_order_id ................................ [[32mPASS[0m in 0.20s]
69 of 88 START test not_null_fct_orders_order_date_pk .......................... [RUN]
65 of 88 PASS not_null_fct_order_items_order_item_unique_key ................... [[32mPASS[0m in 0.21s]
70 of 88 START test not_null_fct_orders_order_id ............................... [RUN]
64 of 88 PASS not_null_fct_order_items_order_item_id ........................... [[32mPASS[0m in 0.22s]
62 of 88 PASS not_null_fct_order_items_order_date_pk ........................... [[32mPASS[0m in 0.22s]
71 of 88 START test not_null_fct_orders_order_status_pk ........................ [RUN]
60 of 88 PASS dbt_expectations_expect_column_values_to_be_between_fct_order_items_line_freight__1000__0  [[32mPASS[0m in 0.24s]
72 of 88 START test not_null_fct_orders_review_time_pk ......................... [RUN]
73 of 88 START test relationships_fct_orders_order_date_pk__date_pk__ref_dim_date_  [RUN]
68 of 88 PASS dbt_expectations_expect_column_values_to_be_between_fct_orders_total_revenue__100000__0  [[32mPASS[0m in 0.17s]
74 of 88 START test relationships_fct_orders_order_status_pk__order_status_pk__ref_dim_order_status_  [RUN]
61 of 88 PASS dbt_expectations_expect_column_values_to_be_between_fct_order_items_line_price__10000__0  [[32mPASS[0m in 0.32s]
75 of 88 START test relationships_fct_orders_review_time_pk__time_pk__ref_dim_time_  [RUN]
66 of 88 PASS test_fct_order_items_price_positive .............................. [[32mPASS[0m in 0.34s]
76 of 88 START test test_fct_orders_revenue_positive ........................... [RUN]
69 of 88 PASS not_null_fct_orders_order_date_pk ................................ [[32mPASS[0m in 0.19s]
77 of 88 START test test_order_dates_reasonable ................................ [RUN]
70 of 88 PASS not_null_fct_orders_order_id ..................................... [[32mPASS[0m in 0.19s]
71 of 88 PASS not_null_fct_orders_order_status_pk .............................. [[32mPASS[0m in 0.18s]
72 of 88 PASS not_null_fct_orders_review_time_pk ............................... [[32mPASS[0m in 0.18s]
76 of 88 PASS test_fct_orders_revenue_positive ................................. [[32mPASS[0m in 0.08s]
67 of 88 PASS dbt_expectations_expect_column_values_to_be_between_fct_orders_total_paid__100000__0  [[32mPASS[0m in 0.34s]
77 of 88 PASS test_order_dates_reasonable ...................................... [[32mPASS[0m in 0.12s]
73 of 88 PASS relationships_fct_orders_order_date_pk__date_pk__ref_dim_date_ ... [[32mPASS[0m in 0.32s]
74 of 88 PASS relationships_fct_orders_order_status_pk__order_status_pk__ref_dim_order_status_  [[32mPASS[0m in 0.29s]
75 of 88 PASS relationships_fct_orders_review_time_pk__time_pk__ref_dim_time_ .. [[32mPASS[0m in 0.34s]
57 of 88 OK created sql incremental model DEV.fct_order_reviews ................ [[32mSUCCESS 40668[0m in 3.86s]
78 of 88 START test not_null_fct_order_reviews_creation_date_pk ................ [RUN]
79 of 88 START test not_null_fct_order_reviews_customer_pk ..................... [RUN]
80 of 88 START test not_null_fct_order_reviews_order_id ........................ [RUN]
81 of 88 START test not_null_fct_order_reviews_review_id ....................... [RUN]
82 of 88 START test not_null_fct_order_reviews_review_score .................... [RUN]
83 of 88 START test relationships_fct_order_reviews_answer_date_pk__date_pk__ref_dim_date_  [RUN]
84 of 88 START test relationships_fct_order_reviews_answer_time_pk__time_pk__ref_dim_time_  [RUN]
85 of 88 START test relationships_fct_order_reviews_creation_date_pk__date_pk__ref_dim_date_  [RUN]
86 of 88 START test relationships_fct_order_reviews_review_time_pk__time_pk__ref_dim_time_  [RUN]
87 of 88 START test test_review_scores_range ................................... [RUN]
78 of 88 PASS not_null_fct_order_reviews_creation_date_pk ...................... [[32mPASS[0m in 0.16s]
88 of 88 START test unique_fct_order_reviews_review_id ......................... [RUN]
87 of 88 PASS test_review_scores_range ......................................... [[32mPASS[0m in 0.18s]
79 of 88 PASS not_null_fct_order_reviews_customer_pk ........................... [[32mPASS[0m in 0.18s]
82 of 88 PASS not_null_fct_order_reviews_review_score .......................... [[32mPASS[0m in 0.18s]
80 of 88 PASS not_null_fct_order_reviews_order_id .............................. [[32mPASS[0m in 0.19s]
81 of 88 PASS not_null_fct_order_reviews_review_id ............................. [[32mPASS[0m in 0.24s]
84 of 88 PASS relationships_fct_order_reviews_answer_time_pk__time_pk__ref_dim_time_  [[32mPASS[0m in 0.27s]
86 of 88 PASS relationships_fct_order_reviews_review_time_pk__time_pk__ref_dim_time_  [[32mPASS[0m in 0.27s]
83 of 88 PASS relationships_fct_order_reviews_answer_date_pk__date_pk__ref_dim_date_  [[32mPASS[0m in 0.36s]
88 of 88 PASS unique_fct_order_reviews_review_id ............................... [[32mPASS[0m in 0.20s]
85 of 88 PASS relationships_fct_order_reviews_creation_date_pk__date_pk__ref_dim_date_  [[32mPASS[0m in 0.48s]

Finished running 3 incremental models, 3 snapshots, 15 table models, 67 data tests in 0 hours 0 minutes and 15.23 seconds (15.23s).

[32mCompleted successfully[0m

Done. PASS=88 WARN=0 ERROR=0 SKIP=0 NO-OP=0 TOTAL=88
